<?xml version="1.0" encoding="UTF-8"?>
<!-- Generated by org.testng.reporters.JUnitReportReporter -->
<testsuite hostname="DESKTOP-N63KF6M" failures="0" tests="1" name="Page_Test_Orange.Login_pageTest" time="30.398" errors="0" timestamp="2023-06-01T12:35:56 GST" skipped="0">
  <testcase classname="Page_Test_Orange.Login_pageTest" name="ValidatePerform_MyTrackers" time="30.398"/>
  <system-out/>
</testsuite> <!-- Page_Test_Orange.Login_pageTest -->
